

============================== 2022-09-19 17:08:20.191384 | 2616c818-7643-4bb9-87a3-6b9e121324c3 ==============================
[0m17:08:20.191393 [info ] [MainThread]: Running with dbt=1.2.1
[0m17:08:20.191663 [debug] [MainThread]: running dbt with arguments {'write_json': True, 'use_colors': True, 'printer_width': 80, 'version_check': True, 'partial_parse': True, 'static_parser': True, 'profiles_dir': '/home/rafael/.dbt', 'send_anonymous_usage_stats': True, 'event_buffer_size': 100000, 'quiet': False, 'no_print': False, 'project_name': 'learning_dbt', 'skip_profile_setup': False, 'which': 'init', 'indirect_selection': 'eager'}
[0m17:08:20.191776 [debug] [MainThread]: Tracking: tracking
[0m17:08:20.199550 [debug] [MainThread]: Sending event: {'category': 'dbt', 'action': 'invocation', 'label': 'start', 'context': [<snowplow_tracker.self_describing_json.SelfDescribingJson object at 0x7fdc777070a0>, <snowplow_tracker.self_describing_json.SelfDescribingJson object at 0x7fdc77707340>, <snowplow_tracker.self_describing_json.SelfDescribingJson object at 0x7fdc777073a0>]}
[0m17:08:20.200595 [debug] [MainThread]: Starter project path: /home/rafael/.local/lib/python3.8/site-packages/dbt/include/starter_project
[0m17:08:27.332386 [info ] [MainThread]: 
Your new dbt project "learning_dbt" was created!

For more information on how to configure the profiles.yml file,
please consult the dbt documentation here:

  https://docs.getdbt.com/docs/configure-your-profile

One more thing:

Need help? Don't hesitate to reach out to us via GitHub issues or on Slack:

  https://community.getdbt.com/

Happy modeling!

[0m17:08:27.332677 [debug] [MainThread]: Sending event: {'category': 'dbt', 'action': 'invocation', 'label': 'end', 'context': [<snowplow_tracker.self_describing_json.SelfDescribingJson object at 0x7fdc777074c0>, <snowplow_tracker.self_describing_json.SelfDescribingJson object at 0x7fdc77707940>, <snowplow_tracker.self_describing_json.SelfDescribingJson object at 0x7fdc77707760>]}
[0m17:08:27.332858 [debug] [MainThread]: Flushing usage events


============================== 2022-09-19 17:27:14.521259 | d5b3826b-147d-4ee9-ab80-e114f294ba60 ==============================
[0m17:27:14.521268 [info ] [MainThread]: Running with dbt=1.2.1
[0m17:27:14.521548 [debug] [MainThread]: running dbt with arguments {'write_json': True, 'use_colors': True, 'printer_width': 80, 'version_check': True, 'partial_parse': True, 'static_parser': True, 'profiles_dir': '/home/rafael/.dbt', 'send_anonymous_usage_stats': True, 'event_buffer_size': 100000, 'quiet': False, 'no_print': False, 'config_dir': False, 'which': 'debug', 'indirect_selection': 'eager'}
[0m17:27:14.521685 [debug] [MainThread]: Tracking: tracking
[0m17:27:14.529379 [debug] [MainThread]: Sending event: {'category': 'dbt', 'action': 'invocation', 'label': 'start', 'context': [<snowplow_tracker.self_describing_json.SelfDescribingJson object at 0x7ff4668ab1c0>, <snowplow_tracker.self_describing_json.SelfDescribingJson object at 0x7ff4668ab310>, <snowplow_tracker.self_describing_json.SelfDescribingJson object at 0x7ff4668ab340>]}
[0m17:27:14.566403 [debug] [MainThread]: Executing "git --help"
[0m17:27:14.571659 [debug] [MainThread]: STDOUT: "b"usage: git [--version] [--help] [-C <path>] [-c <name>=<value>]\n           [--exec-path[=<path>]] [--html-path] [--man-path] [--info-path]\n           [-p | --paginate | -P | --no-pager] [--no-replace-objects] [--bare]\n           [--git-dir=<path>] [--work-tree=<path>] [--namespace=<name>]\n           <command> [<args>]\n\nThese are common Git commands used in various situations:\n\nstart a working area (see also: git help tutorial)\n   clone             Clone a repository into a new directory\n   init              Create an empty Git repository or reinitialize an existing one\n\nwork on the current change (see also: git help everyday)\n   add               Add file contents to the index\n   mv                Move or rename a file, a directory, or a symlink\n   restore           Restore working tree files\n   rm                Remove files from the working tree and from the index\n   sparse-checkout   Initialize and modify the sparse-checkout\n\nexamine the history and state (see also: git help revisions)\n   bisect            Use binary search to find the commit that introduced a bug\n   diff              Show changes between commits, commit and working tree, etc\n   grep              Print lines matching a pattern\n   log               Show commit logs\n   show              Show various types of objects\n   status            Show the working tree status\n\ngrow, mark and tweak your common history\n   branch            List, create, or delete branches\n   commit            Record changes to the repository\n   merge             Join two or more development histories together\n   rebase            Reapply commits on top of another base tip\n   reset             Reset current HEAD to the specified state\n   switch            Switch branches\n   tag               Create, list, delete or verify a tag object signed with GPG\n\ncollaborate (see also: git help workflows)\n   fetch             Download objects and refs from another repository\n   pull              Fetch from and integrate with another repository or a local branch\n   push              Update remote refs along with associated objects\n\n'git help -a' and 'git help -g' list available subcommands and some\nconcept guides. See 'git help <command>' or 'git help <concept>'\nto read about a specific subcommand or concept.\nSee 'git help git' for an overview of the system.\n""
[0m17:27:14.572060 [debug] [MainThread]: STDERR: "b''"
[0m17:27:14.572469 [debug] [MainThread]: Sending event: {'category': 'dbt', 'action': 'invocation', 'label': 'end', 'context': [<snowplow_tracker.self_describing_json.SelfDescribingJson object at 0x7ff4668ab3a0>, <snowplow_tracker.self_describing_json.SelfDescribingJson object at 0x7ff4650541f0>, <snowplow_tracker.self_describing_json.SelfDescribingJson object at 0x7ff46504a310>]}
[0m17:27:14.572856 [debug] [MainThread]: Flushing usage events


============================== 2022-09-19 17:28:33.110938 | 51cc8503-e846-421f-b336-552357c72858 ==============================
[0m17:28:33.110946 [info ] [MainThread]: Running with dbt=1.2.1
[0m17:28:33.111218 [debug] [MainThread]: running dbt with arguments {'write_json': True, 'use_colors': True, 'printer_width': 80, 'version_check': True, 'partial_parse': True, 'static_parser': True, 'profiles_dir': '/home/rafael/.dbt', 'send_anonymous_usage_stats': True, 'event_buffer_size': 100000, 'quiet': False, 'no_print': False, 'config_dir': False, 'which': 'debug', 'indirect_selection': 'eager'}
[0m17:28:33.111325 [debug] [MainThread]: Tracking: tracking
[0m17:28:33.120516 [debug] [MainThread]: Sending event: {'category': 'dbt', 'action': 'invocation', 'label': 'start', 'context': [<snowplow_tracker.self_describing_json.SelfDescribingJson object at 0x7f393fead0a0>, <snowplow_tracker.self_describing_json.SelfDescribingJson object at 0x7f393fead3a0>, <snowplow_tracker.self_describing_json.SelfDescribingJson object at 0x7f393fead280>]}
[0m17:28:33.161755 [debug] [MainThread]: Executing "git --help"
[0m17:28:33.167061 [debug] [MainThread]: STDOUT: "b"usage: git [--version] [--help] [-C <path>] [-c <name>=<value>]\n           [--exec-path[=<path>]] [--html-path] [--man-path] [--info-path]\n           [-p | --paginate | -P | --no-pager] [--no-replace-objects] [--bare]\n           [--git-dir=<path>] [--work-tree=<path>] [--namespace=<name>]\n           <command> [<args>]\n\nThese are common Git commands used in various situations:\n\nstart a working area (see also: git help tutorial)\n   clone             Clone a repository into a new directory\n   init              Create an empty Git repository or reinitialize an existing one\n\nwork on the current change (see also: git help everyday)\n   add               Add file contents to the index\n   mv                Move or rename a file, a directory, or a symlink\n   restore           Restore working tree files\n   rm                Remove files from the working tree and from the index\n   sparse-checkout   Initialize and modify the sparse-checkout\n\nexamine the history and state (see also: git help revisions)\n   bisect            Use binary search to find the commit that introduced a bug\n   diff              Show changes between commits, commit and working tree, etc\n   grep              Print lines matching a pattern\n   log               Show commit logs\n   show              Show various types of objects\n   status            Show the working tree status\n\ngrow, mark and tweak your common history\n   branch            List, create, or delete branches\n   commit            Record changes to the repository\n   merge             Join two or more development histories together\n   rebase            Reapply commits on top of another base tip\n   reset             Reset current HEAD to the specified state\n   switch            Switch branches\n   tag               Create, list, delete or verify a tag object signed with GPG\n\ncollaborate (see also: git help workflows)\n   fetch             Download objects and refs from another repository\n   pull              Fetch from and integrate with another repository or a local branch\n   push              Update remote refs along with associated objects\n\n'git help -a' and 'git help -g' list available subcommands and some\nconcept guides. See 'git help <command>' or 'git help <concept>'\nto read about a specific subcommand or concept.\nSee 'git help git' for an overview of the system.\n""
[0m17:28:33.167468 [debug] [MainThread]: STDERR: "b''"
[0m17:28:33.168100 [debug] [MainThread]: Sending event: {'category': 'dbt', 'action': 'invocation', 'label': 'end', 'context': [<snowplow_tracker.self_describing_json.SelfDescribingJson object at 0x7f393fead2b0>, <snowplow_tracker.self_describing_json.SelfDescribingJson object at 0x7f393e697190>, <snowplow_tracker.self_describing_json.SelfDescribingJson object at 0x7f393e69f2b0>]}
[0m17:28:33.168491 [debug] [MainThread]: Flushing usage events
